[debug] [2021-05-12T01:23:56.948Z] ----------------------------------------------------------------------
[debug] [2021-05-12T01:23:56.950Z] Command:       C:\Program Files\nodejs\node.exe C:\Users\Kyle Moreau\AppData\Roaming\npm\node_modules\firebase-tools\lib\bin\firebase.js deploy --only functions
[debug] [2021-05-12T01:23:56.950Z] CLI Version:   9.3.0
[debug] [2021-05-12T01:23:56.950Z] Platform:      win32
[debug] [2021-05-12T01:23:56.951Z] Node Version:  v14.15.4
[debug] [2021-05-12T01:23:56.952Z] Time:          Tue May 11 2021 20:23:56 GMT-0500 (Central Daylight Time)
[debug] [2021-05-12T01:23:56.952Z] ----------------------------------------------------------------------
[debug] [2021-05-12T01:23:56.952Z] 
[debug] [2021-05-12T01:23:56.959Z] > command requires scopes: ["email","openid","https://www.googleapis.com/auth/cloudplatformprojects.readonly","https://www.googleapis.com/auth/firebase","https://www.googleapis.com/auth/cloud-platform"]
[debug] [2021-05-12T01:23:56.959Z] > authorizing via signed-in user
[debug] [2021-05-12T01:23:56.960Z] [iam] checking project service-org for permissions ["cloudfunctions.functions.create","cloudfunctions.functions.delete","cloudfunctions.functions.get","cloudfunctions.functions.list","cloudfunctions.functions.update","cloudfunctions.operations.get","firebase.projects.get"]
[debug] [2021-05-12T01:23:56.962Z] >>> HTTP REQUEST POST https://cloudresourcemanager.googleapis.com/v1/projects/service-org:testIamPermissions  
 {"permissions":["cloudfunctions.functions.create","cloudfunctions.functions.delete","cloudfunctions.functions.get","cloudfunctions.functions.list","cloudfunctions.functions.update","cloudfunctions.operations.get","firebase.projects.get"]}
[debug] [2021-05-12T01:23:57.264Z] <<< HTTP RESPONSE 200 {"content-type":"application/json; charset=UTF-8","vary":"X-Origin, Referer, Origin,Accept-Encoding","date":"Wed, 12 May 2021 01:23:56 GMT","server":"ESF","cache-control":"private","x-xss-protection":"0","x-frame-options":"SAMEORIGIN","x-content-type-options":"nosniff","server-timing":"gfet4t7; dur=81","alt-svc":"h3-29=\":443\"; ma=2592000,h3-T051=\":443\"; ma=2592000,h3-Q050=\":443\"; ma=2592000,h3-Q046=\":443\"; ma=2592000,h3-Q043=\":443\"; ma=2592000,quic=\":443\"; ma=2592000; v=\"46,43\"","accept-ranges":"none","transfer-encoding":"chunked"}
[debug] [2021-05-12T01:23:57.266Z] >>> HTTP REQUEST POST https://iam.googleapis.com/v1/projects/service-org/serviceAccounts/service-org@appspot.gserviceaccount.com:testIamPermissions  
 {"permissions":["iam.serviceAccounts.actAs"]}
[debug] [2021-05-12T01:23:57.558Z] <<< HTTP RESPONSE 200 {"content-type":"application/json; charset=UTF-8","vary":"X-Origin, Referer, Origin,Accept-Encoding","date":"Wed, 12 May 2021 01:23:57 GMT","server":"ESF","cache-control":"private","x-xss-protection":"0","x-frame-options":"SAMEORIGIN","x-content-type-options":"nosniff","alt-svc":"h3-29=\":443\"; ma=2592000,h3-T051=\":443\"; ma=2592000,h3-Q050=\":443\"; ma=2592000,h3-Q046=\":443\"; ma=2592000,h3-Q043=\":443\"; ma=2592000,quic=\":443\"; ma=2592000; v=\"46,43\"","accept-ranges":"none","transfer-encoding":"chunked"}
[info] 
[info] === Deploying to 'service-org'...
[info] 
[info] i  deploying functions 
[info] Running command: npm --prefix "$RESOURCE_DIR" run lint
[info] +  functions: Finished running predeploy script. 
[debug] [2021-05-12T01:24:02.163Z] > [functions] package.json contents: {
  "name": "functions",
  "description": "Cloud Functions for Firebase",
  "scripts": {
    "lint": "eslint",
    "serve": "firebase emulators:start --only functions",
    "shell": "firebase functions:shell",
    "start": "npm run shell",
    "deploy": "firebase deploy --only functions",
    "logs": "firebase functions:log"
  },
  "engines": {
    "node": "12"
  },
  "main": "index.js",
  "dependencies": {
    "cors": "^2.8.5",
    "express": "^4.17.1",
    "firebase-admin": "^9.2.0",
    "firebase-functions": "^3.11.0",
    "stripe": "^8.137.0"
  },
  "devDependencies": {
    "eslint": "^7.6.0",
    "eslint-config-google": "^0.14.0",
    "firebase-functions-test": "^0.2.0"
  },
  "private": true
}
[info] i  functions: ensuring required API cloudfunctions.googleapis.com is enabled... 
[info] i  functions: ensuring required API cloudbuild.googleapis.com is enabled... 
[debug] [2021-05-12T01:24:03.770Z] >>> HTTP REQUEST GET https://serviceusage.googleapis.com/v1/projects/service-org/services/cloudfunctions.googleapis.com  
 
[debug] [2021-05-12T01:24:03.771Z] >>> HTTP REQUEST GET https://serviceusage.googleapis.com/v1/projects/service-org/services/runtimeconfig.googleapis.com  
 
[debug] [2021-05-12T01:24:03.771Z] >>> HTTP REQUEST GET https://serviceusage.googleapis.com/v1/projects/service-org/services/cloudbuild.googleapis.com  
 
[debug] [2021-05-12T01:24:04.260Z] <<< HTTP RESPONSE 200 {"content-type":"application/json; charset=UTF-8","vary":"X-Origin, Referer, Origin,Accept-Encoding","date":"Wed, 12 May 2021 01:24:03 GMT","server":"ESF","cache-control":"private","x-xss-protection":"0","x-frame-options":"SAMEORIGIN","x-content-type-options":"nosniff","alt-svc":"h3-29=\":443\"; ma=2592000,h3-T051=\":443\"; ma=2592000,h3-Q050=\":443\"; ma=2592000,h3-Q046=\":443\"; ma=2592000,h3-Q043=\":443\"; ma=2592000,quic=\":443\"; ma=2592000; v=\"46,43\"","accept-ranges":"none","transfer-encoding":"chunked"}
[debug] [2021-05-12T01:24:04.310Z] <<< HTTP RESPONSE 200 {"content-type":"application/json; charset=UTF-8","vary":"X-Origin, Referer, Origin,Accept-Encoding","date":"Wed, 12 May 2021 01:24:03 GMT","server":"ESF","cache-control":"private","x-xss-protection":"0","x-frame-options":"SAMEORIGIN","x-content-type-options":"nosniff","alt-svc":"h3-29=\":443\"; ma=2592000,h3-T051=\":443\"; ma=2592000,h3-Q050=\":443\"; ma=2592000,h3-Q046=\":443\"; ma=2592000,h3-Q043=\":443\"; ma=2592000,quic=\":443\"; ma=2592000; v=\"46,43\"","accept-ranges":"none","transfer-encoding":"chunked"}
[info] +  functions: required API cloudbuild.googleapis.com is enabled 
[debug] [2021-05-12T01:24:04.342Z] <<< HTTP RESPONSE 200 {"content-type":"application/json; charset=UTF-8","vary":"X-Origin, Referer, Origin,Accept-Encoding","date":"Wed, 12 May 2021 01:24:03 GMT","server":"ESF","cache-control":"private","x-xss-protection":"0","x-frame-options":"SAMEORIGIN","x-content-type-options":"nosniff","alt-svc":"h3-29=\":443\"; ma=2592000,h3-T051=\":443\"; ma=2592000,h3-Q050=\":443\"; ma=2592000,h3-Q046=\":443\"; ma=2592000,h3-Q043=\":443\"; ma=2592000,quic=\":443\"; ma=2592000; v=\"46,43\"","accept-ranges":"none","transfer-encoding":"chunked"}
[info] +  functions: required API cloudfunctions.googleapis.com is enabled 
[debug] [2021-05-12T01:24:04.344Z] >>> HTTP REQUEST GET https://firebase.googleapis.com/v1beta1/projects/service-org/adminSdkConfig  
 
[debug] [2021-05-12T01:24:04.667Z] <<< HTTP RESPONSE 200 {"content-type":"application/json; charset=UTF-8","vary":"X-Origin, Referer, Origin,Accept-Encoding","date":"Wed, 12 May 2021 01:24:04 GMT","server":"ESF","cache-control":"private","x-xss-protection":"0","x-frame-options":"SAMEORIGIN","x-content-type-options":"nosniff","alt-svc":"h3-29=\":443\"; ma=2592000,h3-T051=\":443\"; ma=2592000,h3-Q050=\":443\"; ma=2592000,h3-Q046=\":443\"; ma=2592000,h3-Q043=\":443\"; ma=2592000,quic=\":443\"; ma=2592000; v=\"46,43\"","accept-ranges":"none","transfer-encoding":"chunked"}
[info] i  functions: preparing functions directory for uploading... 
[debug] [2021-05-12T01:24:04.669Z] >>> HTTP REQUEST GET https://runtimeconfig.googleapis.com/v1beta1/projects/service-org/configs  
 
[debug] [2021-05-12T01:24:05.034Z] <<< HTTP RESPONSE 200 {"content-type":"application/json; charset=UTF-8","vary":"X-Origin, Referer, Origin,Accept-Encoding","date":"Wed, 12 May 2021 01:24:04 GMT","server":"ESF","cache-control":"private","x-xss-protection":"0","x-frame-options":"SAMEORIGIN","x-content-type-options":"nosniff","alt-svc":"h3-29=\":443\"; ma=2592000,h3-T051=\":443\"; ma=2592000,h3-Q050=\":443\"; ma=2592000,h3-Q046=\":443\"; ma=2592000,h3-Q043=\":443\"; ma=2592000,quic=\":443\"; ma=2592000; v=\"46,43\"","accept-ranges":"none","transfer-encoding":"chunked"}
[info] i  functions: packaged functions (33.25 KB) for uploading 
[debug] [2021-05-12T01:24:05.369Z] >>> HTTP REQUEST GET https://cloudfunctions.googleapis.com/v1/projects/service-org/locations/-/functions  
 
[debug] [2021-05-12T01:24:05.999Z] <<< HTTP RESPONSE 200 {"content-type":"application/json; charset=UTF-8","vary":"X-Origin, Referer, Origin,Accept-Encoding","date":"Wed, 12 May 2021 01:24:05 GMT","server":"ESF","cache-control":"private","x-xss-protection":"0","x-frame-options":"SAMEORIGIN","x-content-type-options":"nosniff","alt-svc":"h3-29=\":443\"; ma=2592000,h3-T051=\":443\"; ma=2592000,h3-Q050=\":443\"; ma=2592000,h3-Q046=\":443\"; ma=2592000,h3-Q043=\":443\"; ma=2592000,quic=\":443\"; ma=2592000; v=\"46,43\"","accept-ranges":"none","transfer-encoding":"chunked"}
[debug] [2021-05-12T01:24:06.001Z] >>> HTTP REQUEST POST https://cloudfunctions.googleapis.com/v1/projects/service-org/locations/us-central1/functions:generateUploadUrl  
 
[debug] [2021-05-12T01:24:06.668Z] <<< HTTP RESPONSE 200 {"content-type":"application/json; charset=UTF-8","vary":"X-Origin, Referer, Origin,Accept-Encoding","date":"Wed, 12 May 2021 01:24:06 GMT","server":"ESF","cache-control":"private","x-xss-protection":"0","x-frame-options":"SAMEORIGIN","x-content-type-options":"nosniff","alt-svc":"h3-29=\":443\"; ma=2592000,h3-T051=\":443\"; ma=2592000,h3-Q050=\":443\"; ma=2592000,h3-Q046=\":443\"; ma=2592000,h3-Q043=\":443\"; ma=2592000,quic=\":443\"; ma=2592000; v=\"46,43\"","accept-ranges":"none","transfer-encoding":"chunked"}
[debug] [2021-05-12T01:24:06.668Z] >>> HTTP REQUEST PUT https://storage.googleapis.com/gcf-upload-us-central1-29a347ac-6590-4df3-85c7-ab1208f3b60e/39e1146a-b414-47a8-8b38-a153c541c9e5.zip?GoogleAccessId=service-4747313550@gcf-admin-robot.iam.gserviceaccount.com&Expires=1620784446&Signature=ufqhBsAVFVocd9sEsBPl26Znav%2Fybd3%2Bhv5ohC7fTirESOeTWMh98WDYwcudVx6Yy2s5%2BS44go3UF4anuVLm%2BDxDtlWHRDRXpSCMG0VNl6enuCJO4B%2BI%2FhiEQIkmXxRdKkmjBK0uOFYFfP6LlcoDoAkTAuFvn2v7nDcZXtMKwXbmuAur9FhfSfqMUdJtysZuSypvrOvs54DJOm2iKG5IM9Hc0q2vM6g7PrUbeezomw7M426bPyDcW32R0IuMAZZDhMk%2Fq%2FGvp90hO6W3GjvjrRHCjgMFEDASgOSA5xFU1myYPHcdu%2BXoDJhYzQchCmflxutssxOXbIGIHcvxAvFaMQ%3D%3D  
 <request body omitted>
[debug] [2021-05-12T01:24:07.055Z] <<< HTTP RESPONSE 200 {"x-guploader-uploadid":"ABg5-UylEvIhX2gRfza5djQVkNoq-fTrP-8D2UBVmequYbrnuOscotAK5x_PYuXnQrfzUawYqrDFy5oHFFOfxbF7cGOBffWXnA","etag":"\"400998392f17e73f33eb09b6de1131d9\"","x-goog-generation":"1620782646670742","x-goog-metageneration":"1","x-goog-hash":"crc32c=fqhRCg==, md5=QAmYOS8X5z8z6wm23hEx2Q==","x-goog-stored-content-length":"34044","x-goog-stored-content-encoding":"identity","vary":"Origin","content-length":"0","date":"Wed, 12 May 2021 01:24:06 GMT","server":"UploadServer","content-type":"text/html; charset=UTF-8","alt-svc":"h3-29=\":443\"; ma=2592000,h3-T051=\":443\"; ma=2592000,h3-Q050=\":443\"; ma=2592000,h3-Q046=\":443\"; ma=2592000,h3-Q043=\":443\"; ma=2592000,quic=\":443\"; ma=2592000; v=\"46,43\""}
[info] +  functions: functions folder uploaded successfully 
[info] i  functions: updating Node.js 12 function api(us-central1)... 
[debug] [2021-05-12T01:24:07.058Z] Trigger is:  {"httpsTrigger":{}}
[debug] [2021-05-12T01:24:07.059Z] >>> HTTP REQUEST PATCH https://cloudfunctions.googleapis.com/v1/projects/service-org/locations/us-central1/functions/api {"updateMask":"sourceUploadUrl,name,labels,runtime,environmentVariables,httpsTrigger"} 
 {"sourceUploadUrl":"https://storage.googleapis.com/gcf-upload-us-central1-29a347ac-6590-4df3-85c7-ab1208f3b60e/39e1146a-b414-47a8-8b38-a153c541c9e5.zip?GoogleAccessId=service-4747313550@gcf-admin-robot.iam.gserviceaccount.com&Expires=1620784446&Signature=ufqhBsAVFVocd9sEsBPl26Znav%2Fybd3%2Bhv5ohC7fTirESOeTWMh98WDYwcudVx6Yy2s5%2BS44go3UF4anuVLm%2BDxDtlWHRDRXpSCMG0VNl6enuCJO4B%2BI%2FhiEQIkmXxRdKkmjBK0uOFYFfP6LlcoDoAkTAuFvn2v7nDcZXtMKwXbmuAur9FhfSfqMUdJtysZuSypvrOvs54DJOm2iKG5IM9Hc0q2vM6g7PrUbeezomw7M426bPyDcW32R0IuMAZZDhMk%2Fq%2FGvp90hO6W3GjvjrRHCjgMFEDASgOSA5xFU1myYPHcdu%2BXoDJhYzQchCmflxutssxOXbIGIHcvxAvFaMQ%3D%3D","name":"projects/service-org/locations/us-central1/functions/api","labels":{"deployment-tool":"cli-firebase"},"httpsTrigger":{},"runtime":"nodejs12","environmentVariables":{"FIREBASE_CONFIG":"{\"projectId\":\"service-org\",\"storageBucket\":\"service-org.appspot.com\",\"locationId\":\"us-central\"}"}}
[debug] [2021-05-12T01:24:07.658Z] <<< HTTP RESPONSE 200 {"content-type":"application/json; charset=UTF-8","vary":"X-Origin, Referer, Origin,Accept-Encoding","date":"Wed, 12 May 2021 01:24:07 GMT","server":"ESF","cache-control":"private","x-xss-protection":"0","x-frame-options":"SAMEORIGIN","x-content-type-options":"nosniff","alt-svc":"h3-29=\":443\"; ma=2592000,h3-T051=\":443\"; ma=2592000,h3-Q050=\":443\"; ma=2592000,h3-Q046=\":443\"; ma=2592000,h3-Q043=\":443\"; ma=2592000,quic=\":443\"; ma=2592000; v=\"46,43\"","accept-ranges":"none","transfer-encoding":"chunked"}
[debug] [2021-05-12T01:24:07.659Z] >>> HTTP REQUEST GET https://cloudfunctions.googleapis.com/v1/projects/service-org/locations/-/functions  
 
[debug] [2021-05-12T01:24:08.252Z] <<< HTTP RESPONSE 200 {"content-type":"application/json; charset=UTF-8","vary":"X-Origin, Referer, Origin,Accept-Encoding","date":"Wed, 12 May 2021 01:24:07 GMT","server":"ESF","cache-control":"private","x-xss-protection":"0","x-frame-options":"SAMEORIGIN","x-content-type-options":"nosniff","alt-svc":"h3-29=\":443\"; ma=2592000,h3-T051=\":443\"; ma=2592000,h3-Q050=\":443\"; ma=2592000,h3-Q046=\":443\"; ma=2592000,h3-Q043=\":443\"; ma=2592000,quic=\":443\"; ma=2592000; v=\"46,43\"","accept-ranges":"none","transfer-encoding":"chunked"}
[debug] [2021-05-12T01:24:08.253Z] >>> HTTP REQUEST GET https://cloudfunctions.googleapis.com/v1/operations/c2VydmljZS1vcmcvdXMtY2VudHJhbDEvYXBpL0oxNUw4Yk03Qllj  
 
[debug] [2021-05-12T01:24:08.596Z] <<< HTTP RESPONSE 200 {"content-type":"application/json; charset=UTF-8","vary":"X-Origin, Referer, Origin,Accept-Encoding","date":"Wed, 12 May 2021 01:24:08 GMT","server":"ESF","cache-control":"private","x-xss-protection":"0","x-frame-options":"SAMEORIGIN","x-content-type-options":"nosniff","alt-svc":"h3-29=\":443\"; ma=2592000,h3-T051=\":443\"; ma=2592000,h3-Q050=\":443\"; ma=2592000,h3-Q046=\":443\"; ma=2592000,h3-Q043=\":443\"; ma=2592000,quic=\":443\"; ma=2592000; v=\"46,43\"","accept-ranges":"none","transfer-encoding":"chunked"}
[debug] [2021-05-12T01:24:10.603Z] >>> HTTP REQUEST GET https://cloudfunctions.googleapis.com/v1/operations/c2VydmljZS1vcmcvdXMtY2VudHJhbDEvYXBpL0oxNUw4Yk03Qllj  
 
[debug] [2021-05-12T01:24:10.934Z] <<< HTTP RESPONSE 200 {"content-type":"application/json; charset=UTF-8","vary":"X-Origin, Referer, Origin,Accept-Encoding","date":"Wed, 12 May 2021 01:24:10 GMT","server":"ESF","cache-control":"private","x-xss-protection":"0","x-frame-options":"SAMEORIGIN","x-content-type-options":"nosniff","alt-svc":"h3-29=\":443\"; ma=2592000,h3-T051=\":443\"; ma=2592000,h3-Q050=\":443\"; ma=2592000,h3-Q046=\":443\"; ma=2592000,h3-Q043=\":443\"; ma=2592000,quic=\":443\"; ma=2592000; v=\"46,43\"","accept-ranges":"none","transfer-encoding":"chunked"}
[debug] [2021-05-12T01:24:12.948Z] >>> HTTP REQUEST GET https://cloudfunctions.googleapis.com/v1/operations/c2VydmljZS1vcmcvdXMtY2VudHJhbDEvYXBpL0oxNUw4Yk03Qllj  
 
[debug] [2021-05-12T01:24:13.326Z] <<< HTTP RESPONSE 200 {"content-type":"application/json; charset=UTF-8","vary":"X-Origin, Referer, Origin,Accept-Encoding","date":"Wed, 12 May 2021 01:24:12 GMT","server":"ESF","cache-control":"private","x-xss-protection":"0","x-frame-options":"SAMEORIGIN","x-content-type-options":"nosniff","alt-svc":"h3-29=\":443\"; ma=2592000,h3-T051=\":443\"; ma=2592000,h3-Q050=\":443\"; ma=2592000,h3-Q046=\":443\"; ma=2592000,h3-Q043=\":443\"; ma=2592000,quic=\":443\"; ma=2592000; v=\"46,43\"","accept-ranges":"none","transfer-encoding":"chunked"}
[debug] [2021-05-12T01:24:15.329Z] >>> HTTP REQUEST GET https://cloudfunctions.googleapis.com/v1/operations/c2VydmljZS1vcmcvdXMtY2VudHJhbDEvYXBpL0oxNUw4Yk03Qllj  
 
[debug] [2021-05-12T01:24:15.663Z] <<< HTTP RESPONSE 200 {"content-type":"application/json; charset=UTF-8","vary":"X-Origin, Referer, Origin,Accept-Encoding","date":"Wed, 12 May 2021 01:24:15 GMT","server":"ESF","cache-control":"private","x-xss-protection":"0","x-frame-options":"SAMEORIGIN","x-content-type-options":"nosniff","alt-svc":"h3-29=\":443\"; ma=2592000,h3-T051=\":443\"; ma=2592000,h3-Q050=\":443\"; ma=2592000,h3-Q046=\":443\"; ma=2592000,h3-Q043=\":443\"; ma=2592000,quic=\":443\"; ma=2592000; v=\"46,43\"","accept-ranges":"none","transfer-encoding":"chunked"}
[debug] [2021-05-12T01:24:17.678Z] >>> HTTP REQUEST GET https://cloudfunctions.googleapis.com/v1/operations/c2VydmljZS1vcmcvdXMtY2VudHJhbDEvYXBpL0oxNUw4Yk03Qllj  
 
[debug] [2021-05-12T01:24:18.003Z] <<< HTTP RESPONSE 200 {"content-type":"application/json; charset=UTF-8","vary":"X-Origin, Referer, Origin,Accept-Encoding","date":"Wed, 12 May 2021 01:24:17 GMT","server":"ESF","cache-control":"private","x-xss-protection":"0","x-frame-options":"SAMEORIGIN","x-content-type-options":"nosniff","alt-svc":"h3-29=\":443\"; ma=2592000,h3-T051=\":443\"; ma=2592000,h3-Q050=\":443\"; ma=2592000,h3-Q046=\":443\"; ma=2592000,h3-Q043=\":443\"; ma=2592000,quic=\":443\"; ma=2592000; v=\"46,43\"","accept-ranges":"none","transfer-encoding":"chunked"}
[debug] [2021-05-12T01:24:20.016Z] >>> HTTP REQUEST GET https://cloudfunctions.googleapis.com/v1/operations/c2VydmljZS1vcmcvdXMtY2VudHJhbDEvYXBpL0oxNUw4Yk03Qllj  
 
[debug] [2021-05-12T01:24:20.341Z] <<< HTTP RESPONSE 200 {"content-type":"application/json; charset=UTF-8","vary":"X-Origin, Referer, Origin,Accept-Encoding","date":"Wed, 12 May 2021 01:24:19 GMT","server":"ESF","cache-control":"private","x-xss-protection":"0","x-frame-options":"SAMEORIGIN","x-content-type-options":"nosniff","alt-svc":"h3-29=\":443\"; ma=2592000,h3-T051=\":443\"; ma=2592000,h3-Q050=\":443\"; ma=2592000,h3-Q046=\":443\"; ma=2592000,h3-Q043=\":443\"; ma=2592000,quic=\":443\"; ma=2592000; v=\"46,43\"","accept-ranges":"none","transfer-encoding":"chunked"}
